c:\users\alex\source\repos\rrt\rrt\x64\debug\rrt.pdb
c:\users\alex\source\repos\rrt\rrt\x64\debug\rrt.idb
c:\users\alex\source\repos\rrt\rrt\x64\debug\trajectory.obj
c:\users\alex\source\repos\rrt\rrt\x64\debug\rrtstar.obj
c:\users\alex\source\repos\rrt\rrt\x64\debug\main.obj
c:\users\alex\source\repos\rrt\rrt\x64\debug\graph.obj
c:\users\alex\source\repos\rrt\rrt\x64\debug\dubintrajectory.obj
c:\users\alex\source\repos\rrt\rrt\x64\debug\vc142.pdb
c:\users\alex\source\repos\rrt\rrt\x64\debug\vc142.idb
c:\users\alex\source\repos\rrt\x64\debug\rrt.lib
c:\users\alex\source\repos\rrt\x64\debug\rrt.ilk
c:\users\alex\source\repos\rrt\x64\debug\rrt.exe
c:\users\alex\source\repos\rrt\x64\debug\rrt.pdb
c:\users\alex\source\repos\rrt\rrt\x64\debug\rrt.tlog\cl.command.1.tlog
c:\users\alex\source\repos\rrt\rrt\x64\debug\rrt.tlog\cl.read.1.tlog
c:\users\alex\source\repos\rrt\rrt\x64\debug\rrt.tlog\cl.write.1.tlog
c:\users\alex\source\repos\rrt\rrt\x64\debug\rrt.tlog\lib-link.read.1.tlog
c:\users\alex\source\repos\rrt\rrt\x64\debug\rrt.tlog\lib-link.write.1.tlog
c:\users\alex\source\repos\rrt\rrt\x64\debug\rrt.tlog\lib.command.1.tlog
c:\users\alex\source\repos\rrt\rrt\x64\debug\rrt.tlog\link.command.1.tlog
c:\users\alex\source\repos\rrt\rrt\x64\debug\rrt.tlog\link.delete.1.tlog
c:\users\alex\source\repos\rrt\rrt\x64\debug\rrt.tlog\link.read.1.tlog
c:\users\alex\source\repos\rrt\rrt\x64\debug\rrt.tlog\link.write.1.tlog
c:\users\alex\source\repos\rrt\rrt\x64\debug\rrt.tlog\rrt.write.1u.tlog
